<?xml version="1.0" encoding="UTF-8"?>
<testsuite xmlns:xsi="http://www.w3.org/2001/XMLSchema-instance" xsi:noNamespaceSchemaLocation="https://maven.apache.org/surefire/maven-surefire-plugin/xsd/surefire-test-report.xsd" name="com.cbsa.migration.service.SortCodeServiceTest" time="0" tests="2" errors="0" skipped="0" failures="0">
  <properties>
[...]
</properties>
  <testcase name="shouldReturnCorrectSortCode" classname="com.cbsa.migration.service.SortCodeServiceTest" time="0"/>
  <testcase name="shouldReturnSameValueOnMultipleCalls" classname="com.cbsa.migration.service.SortCodeServiceTest" time="0"/>
</testsuite>